mode: set
github.com/rittbpt/assessment-tax/service/TaxCalculate.go:11.147,63.39 6 1
github.com/rittbpt/assessment-tax/service/TaxCalculate.go:63.39,64.65 1 1
github.com/rittbpt/assessment-tax/service/TaxCalculate.go:64.65,66.4 1 1
github.com/rittbpt/assessment-tax/service/TaxCalculate.go:66.9,68.4 1 1
github.com/rittbpt/assessment-tax/service/TaxCalculate.go:72.2,72.26 1 1
github.com/rittbpt/assessment-tax/service/TaxCalculate.go:72.26,76.69 2 1
github.com/rittbpt/assessment-tax/service/TaxCalculate.go:76.69,78.4 1 1
github.com/rittbpt/assessment-tax/service/TaxCalculate.go:78.9,78.43 1 1
github.com/rittbpt/assessment-tax/service/TaxCalculate.go:78.43,80.4 1 1
github.com/rittbpt/assessment-tax/service/TaxCalculate.go:83.3,89.5 2 1
github.com/rittbpt/assessment-tax/service/TaxCalculate.go:93.2,98.13 4 1
github.com/rittbpt/assessment-tax/service/TaxCalculate.go:98.13,101.3 2 1
github.com/rittbpt/assessment-tax/service/TaxCalculate.go:103.2,109.20 2 1
github.com/rittbpt/assessment-tax/service/TaxService.go:14.64,18.2 1 0
github.com/rittbpt/assessment-tax/service/TaxService.go:21.73,22.24 1 0
github.com/rittbpt/assessment-tax/service/TaxService.go:22.24,24.6 1 0
github.com/rittbpt/assessment-tax/service/TaxService.go:26.5,26.23 1 0
github.com/rittbpt/assessment-tax/service/TaxService.go:26.23,28.6 1 0
github.com/rittbpt/assessment-tax/service/TaxService.go:30.5,31.19 2 0
github.com/rittbpt/assessment-tax/service/TaxService.go:31.19,33.6 1 0
github.com/rittbpt/assessment-tax/service/TaxService.go:35.5,38.23 2 0
github.com/rittbpt/assessment-tax/service/TaxService.go:42.73,43.21 1 0
github.com/rittbpt/assessment-tax/service/TaxService.go:43.21,45.3 1 0
github.com/rittbpt/assessment-tax/service/TaxService.go:47.2,47.16 1 0
github.com/rittbpt/assessment-tax/service/TaxService.go:47.16,49.3 1 0
github.com/rittbpt/assessment-tax/service/TaxService.go:51.2,52.16 2 0
github.com/rittbpt/assessment-tax/service/TaxService.go:52.16,54.3 1 0
github.com/rittbpt/assessment-tax/service/TaxService.go:55.2,58.20 2 0
github.com/rittbpt/assessment-tax/service/TaxService.go:63.88,65.16 2 0
github.com/rittbpt/assessment-tax/service/TaxService.go:65.16,67.3 1 0
github.com/rittbpt/assessment-tax/service/TaxService.go:68.2,69.22 2 0
github.com/rittbpt/assessment-tax/service/TaxService.go:72.91,74.16 2 0
github.com/rittbpt/assessment-tax/service/TaxService.go:74.16,76.3 1 0
github.com/rittbpt/assessment-tax/service/TaxService.go:78.2,80.29 2 0
github.com/rittbpt/assessment-tax/service/TaxService.go:80.29,88.3 2 0
github.com/rittbpt/assessment-tax/service/TaxService.go:89.2,89.20 1 0
